2024-12-27 20:18:43,132 - INFO - Processing district 1/65: Rolpa
2024-12-27 20:18:43,133 - INFO - Processing district 2/65: Terhathum
2024-12-27 20:18:43,135 - INFO - Processing district 3/65: Bardia
2024-12-27 20:18:44,031 - INFO - Completed 3/65: Bardia - Saved 0 places
2024-12-27 20:18:44,032 - INFO - Processing district 4/65: Dolakha
2024-12-27 20:18:44,484 - INFO - Completed 4/65: Dolakha - Saved 0 places
2024-12-27 20:18:44,484 - INFO - Processing district 5/65: Siraha
2024-12-27 20:18:44,919 - INFO - Completed 5/65: Siraha - Saved 0 places
2024-12-27 20:18:44,919 - INFO - Processing district 6/65: Baglung
2024-12-27 20:18:46,226 - INFO - Completed 2/65: Terhathum - Saved 0 places
2024-12-27 20:18:46,227 - INFO - Processing district 7/65: Bajura
2024-12-27 20:18:46,458 - INFO - Completed 1/65: Rolpa - Saved 0 places
2024-12-27 20:18:46,459 - INFO - Processing district 8/65: Nawalparasi
2024-12-27 20:18:46,669 - INFO - Processing district 9/65: Sunsari
2024-12-27 20:18:47,056 - INFO - Completed 9/65: Sunsari - Saved 0 places
2024-12-27 20:18:47,056 - INFO - Processing district 10/65: Rupandehi
2024-12-27 20:18:49,336 - INFO - Completed 8/65: Nawalparasi - Saved 0 places
2024-12-27 20:18:49,336 - INFO - Processing district 11/65: Kavrepalanchok
2024-12-27 20:18:50,622 - INFO - Completed 6/65: Baglung - Saved 0 places
2024-12-27 20:18:50,622 - INFO - Processing district 12/65: Lalitpur
2024-12-27 20:18:52,503 - INFO - Completed 10/65: Rupandehi - Saved 0 places
2024-12-27 20:18:52,503 - INFO - Processing district 13/65: Ilam
2024-12-27 20:18:52,991 - INFO - Completed 13/65: Ilam - Saved 0 places
2024-12-27 20:18:52,993 - INFO - Processing district 14/65: Makwanpur
2024-12-27 20:18:53,380 - INFO - Completed 12/65: Lalitpur - Saved 0 places
2024-12-27 20:18:53,380 - INFO - Processing district 15/65: Bhojpur
2024-12-27 20:18:54,794 - INFO - Completed 11/65: Kavrepalanchok - Saved 0 places
2024-12-27 20:18:54,794 - INFO - Processing district 16/65: Gorkha
2024-12-27 20:18:58,528 - INFO - Completed 14/65: Makwanpur - Saved 0 places
2024-12-27 20:18:58,529 - INFO - Processing district 17/65: Salyan
2024-12-27 20:18:58,928 - INFO - Completed 17/65: Salyan - Saved 0 places
2024-12-27 20:18:58,928 - INFO - Processing district 18/65: Sindhupalchok
2024-12-27 20:18:59,086 - INFO - Completed 15/65: Bhojpur - Saved 0 places
2024-12-27 20:18:59,086 - INFO - Processing district 19/65: Taplejung
2024-12-27 20:18:59,453 - INFO - Completed 19/65: Taplejung - Saved 0 places
2024-12-27 20:18:59,453 - INFO - Processing district 20/65: Surkhet
2024-12-27 20:18:59,851 - INFO - Completed 20/65: Surkhet - Saved 0 places
2024-12-27 20:18:59,852 - INFO - Processing district 21/65: Lamjung
2024-12-27 20:19:00,498 - INFO - Completed 16/65: Gorkha - Saved 0 places
2024-12-27 20:19:00,498 - INFO - Processing district 22/65: Dang
2024-12-27 20:19:00,821 - INFO - Completed 22/65: Dang - Saved 0 places
2024-12-27 20:19:00,821 - INFO - Processing district 23/65: Baitadi
2024-12-27 20:19:02,790 - INFO - Completed 21/65: Lamjung - Saved 0 places
2024-12-27 20:19:02,791 - INFO - Processing district 24/65: Parbat
2024-12-27 20:19:04,414 - INFO - Completed 18/65: Sindhupalchok - Saved 0 places
2024-12-27 20:19:04,416 - INFO - Processing district 25/65: Ramechhap
2024-12-27 20:19:06,278 - INFO - Completed 23/65: Baitadi - Saved 0 places
2024-12-27 20:19:06,278 - INFO - Processing district 26/65: Tanahun
2024-12-27 20:19:08,248 - INFO - Completed 24/65: Parbat - Saved 0 places
2024-12-27 20:19:08,248 - INFO - Processing district 27/65: Kathmandu
2024-12-27 20:19:09,833 - INFO - Completed 25/65: Ramechhap - Saved 0 places
2024-12-27 20:19:09,834 - INFO - Processing district 28/65: Pyuthan
2024-12-27 20:19:11,774 - INFO - Completed 26/65: Tanahun - Saved 0 places
2024-12-27 20:19:11,775 - INFO - Processing district 29/65: Panchthar
2024-12-27 20:19:13,677 - INFO - Processing district 30/65: Nuwakot
2024-12-27 20:19:15,094 - INFO - Completed 29/65: Panchthar - Saved 0 places
2024-12-27 20:19:15,094 - INFO - Processing district 31/65: Sindhuli
2024-12-27 20:19:15,384 - INFO - Completed 28/65: Pyuthan - Saved 0 places
2024-12-27 20:19:15,385 - INFO - Processing district 32/65: Khotang
2024-12-27 20:19:20,422 - INFO - Completed 30/65: Nuwakot - Saved 0 places
2024-12-27 20:19:20,422 - INFO - Processing district 33/65: Arghakhanchi
2024-12-27 20:19:21,304 - INFO - Completed 32/65: Khotang - Saved 0 places
2024-12-27 20:19:21,304 - INFO - Processing district 34/65: Dolpa
2024-12-27 20:19:22,132 - INFO - Processing district 35/65: Jumla
2024-12-27 20:19:23,268 - INFO - Completed 33/65: Arghakhanchi - Saved 0 places
2024-12-27 20:19:23,269 - INFO - Processing district 36/65: Bajhang
2024-12-27 20:19:24,046 - INFO - Processing district 37/65: Kanchanpur
2024-12-27 20:19:24,389 - INFO - Completed 37/65: Kanchanpur - Saved 0 places
2024-12-27 20:19:24,389 - INFO - Processing district 38/65: Dhanusa
2024-12-27 20:19:24,931 - INFO - Completed 35/65: Jumla - Saved 0 places
2024-12-27 20:19:24,932 - INFO - Processing district 39/65: Rukum
2024-12-27 20:19:25,240 - INFO - Completed 39/65: Rukum - Saved 0 places
2024-12-27 20:19:25,241 - INFO - Processing district 40/65: Achham
2024-12-27 20:19:25,592 - INFO - Completed 40/65: Achham - Saved 0 places
2024-12-27 20:19:25,593 - INFO - Processing district 41/65: Jajarkot
2024-12-27 20:19:27,223 - INFO - Completed 38/65: Dhanusa - Saved 0 places
2024-12-27 20:19:27,224 - INFO - Processing district 42/65: Chitwan
2024-12-27 20:19:27,645 - INFO - Completed 42/65: Chitwan - Saved 0 places
2024-12-27 20:19:27,646 - INFO - Processing district 43/65: Syangja
2024-12-27 20:19:28,423 - INFO - Completed 41/65: Jajarkot - Saved 0 places
2024-12-27 20:19:28,424 - INFO - Processing district 44/65: Morang
2024-12-27 20:19:28,857 - INFO - Completed 36/65: Bajhang - Saved 0 places
2024-12-27 20:19:28,858 - INFO - Processing district 45/65: Okhaldhunga
2024-12-27 20:19:29,220 - INFO - Completed 45/65: Okhaldhunga - Saved 0 places
2024-12-27 20:19:29,220 - INFO - Processing district 46/65: Parsa
2024-12-27 20:19:31,222 - INFO - Completed 44/65: Morang - Saved 0 places
2024-12-27 20:19:31,222 - INFO - Processing district 47/65: Chahari
2024-12-27 20:19:33,081 - INFO - Processing district 48/65: Mahottari
2024-12-27 20:19:33,428 - INFO - Completed 48/65: Mahottari - Saved 0 places
2024-12-27 20:19:33,428 - INFO - Processing district 49/65: Bardiya
2024-12-27 20:19:33,794 - INFO - Completed 49/65: Bardiya - Saved 0 places
2024-12-27 20:19:33,795 - INFO - Processing district 50/65: Solukhumbu
2024-12-27 20:19:34,519 - INFO - Completed 46/65: Parsa - Saved 0 places
2024-12-27 20:19:34,519 - INFO - Processing district 51/65: Banke
2024-12-27 20:19:34,891 - INFO - Completed 51/65: Banke - Saved 0 places
2024-12-27 20:19:34,892 - INFO - Processing district 52/65: Jhapa
2024-12-27 20:19:36,708 - INFO - Completed 50/65: Solukhumbu - Saved 0 places
2024-12-27 20:19:36,709 - INFO - Processing district 53/65: Bara
2024-12-27 20:19:36,799 - INFO - Completed 47/65: Chahari - Saved 0 places
2024-12-27 20:19:36,800 - INFO - Processing district 54/65: Bhaktapur
2024-12-27 20:19:37,750 - INFO - Completed 52/65: Jhapa - Saved 0 places
2024-12-27 20:19:37,750 - INFO - Processing district 55/65: Manang
2024-12-27 20:19:42,169 - INFO - Completed 53/65: Bara - Saved 0 places
2024-12-27 20:19:42,170 - INFO - Processing district 56/65: Kailali
2024-12-27 20:19:42,252 - INFO - Completed 54/65: Bhaktapur - Saved 0 places
2024-12-27 20:19:42,253 - INFO - Processing district 57/65: Dadeldhura
2024-12-27 20:19:43,374 - INFO - Completed 55/65: Manang - Saved 0 places
2024-12-27 20:19:43,374 - INFO - Processing district 58/65: Gulmi
2024-12-27 20:19:45,042 - INFO - Completed 56/65: Kailali - Saved 0 places
2024-12-27 20:19:45,043 - INFO - Processing district 59/65: Dhanusha
2024-12-27 20:19:45,092 - INFO - Completed 57/65: Dadeldhura - Saved 0 places
2024-12-27 20:19:45,093 - INFO - Processing district 60/65: Rasuwa
2024-12-27 20:19:45,423 - INFO - Completed 60/65: Rasuwa - Saved 0 places
2024-12-27 20:19:45,424 - INFO - Processing district 61/65: Udaypur
2024-12-27 20:19:47,802 - INFO - Completed 59/65: Dhanusha - Saved 0 places
2024-12-27 20:19:47,803 - INFO - Processing district 62/65: Mugu
2024-12-27 20:19:48,167 - INFO - Completed 62/65: Mugu - Saved 0 places
2024-12-27 20:19:48,168 - INFO - Processing district 63/65: Kaski
2024-12-27 20:19:48,747 - INFO - Completed 58/65: Gulmi - Saved 0 places
2024-12-27 20:19:48,749 - INFO - Processing district 64/65: Palpa
2024-12-27 20:19:50,801 - INFO - Completed 61/65: Udaypur - Saved 0 places
2024-12-27 20:19:50,801 - INFO - Processing district 65/65: Humla
2024-12-27 20:19:51,538 - INFO - Completed 65/65: Humla - Saved 0 places
2024-12-27 20:19:54,025 - INFO - Completed 64/65: Palpa - Saved 0 places
2024-12-27 20:21:52,462 - INFO - [1/69] Starting: Banke
2024-12-27 20:21:52,463 - INFO - [2/69] Starting: Achham
2024-12-27 20:21:52,463 - INFO - [3/69] Starting: Kathmandu
2024-12-27 20:21:52,721 - INFO - [1/69] Completed: Banke (0 places)
2024-12-27 20:21:52,722 - INFO - [4/69] Starting: Bhaktapur
2024-12-27 20:21:52,722 - INFO - Saved data for Banke: 0 places
2024-12-27 20:21:52,727 - INFO - [3/69] Completed: Kathmandu (0 places)
2024-12-27 20:21:52,728 - INFO - [5/69] Starting: Arghakhanchi
2024-12-27 20:21:52,728 - INFO - Saved data for Kathmandu: 0 places
2024-12-27 20:21:52,733 - INFO - [2/69] Completed: Achham (0 places)
2024-12-27 20:21:52,733 - INFO - [6/69] Starting: Dadeldhura
2024-12-27 20:21:52,733 - INFO - Saved data for Achham: 0 places
2024-12-27 20:21:52,840 - INFO - [5/69] Completed: Arghakhanchi (0 places)
2024-12-27 20:21:52,841 - INFO - [7/69] Starting: Kalikot
2024-12-27 20:21:52,841 - INFO - Saved data for Arghakhanchi: 0 places
2024-12-27 20:21:52,938 - INFO - [7/69] Completed: Kalikot (0 places)
2024-12-27 20:21:52,939 - INFO - [8/69] Starting: Dolakha
2024-12-27 20:21:52,939 - INFO - Saved data for Kalikot: 0 places
2024-12-27 20:21:53,041 - INFO - [6/69] Completed: Dadeldhura (0 places)
2024-12-27 20:21:53,043 - INFO - [9/69] Starting: Lalitpur
2024-12-27 20:21:53,043 - INFO - Saved data for Dadeldhura: 0 places
2024-12-27 20:21:53,051 - INFO - [4/69] Completed: Bhaktapur (0 places)
2024-12-27 20:21:53,052 - INFO - [10/69] Starting: Jhapa
2024-12-27 20:21:53,052 - INFO - Saved data for Bhaktapur: 0 places
2024-12-27 20:21:53,148 - INFO - [9/69] Completed: Lalitpur (0 places)
2024-12-27 20:21:53,149 - INFO - [11/69] Starting: Rautahat
2024-12-27 20:21:53,149 - INFO - Saved data for Lalitpur: 0 places
2024-12-27 20:21:53,150 - INFO - [10/69] Completed: Jhapa (0 places)
2024-12-27 20:21:53,151 - INFO - [12/69] Starting: Udayapur
2024-12-27 20:21:53,151 - INFO - Saved data for Jhapa: 0 places
2024-12-27 20:21:53,238 - INFO - [12/69] Completed: Udayapur (0 places)
2024-12-27 20:21:53,239 - INFO - [13/69] Starting: Tanahu
2024-12-27 20:21:53,239 - INFO - Saved data for Udayapur: 0 places
2024-12-27 20:21:53,287 - INFO - [8/69] Completed: Dolakha (0 places)
2024-12-27 20:21:53,287 - INFO - [14/69] Starting: Kailali
2024-12-27 20:21:53,287 - INFO - Saved data for Dolakha: 0 places
2024-12-27 20:21:53,307 - INFO - [11/69] Completed: Rautahat (0 places)
2024-12-27 20:21:53,308 - INFO - [15/69] Starting: Dhanusha
2024-12-27 20:21:53,308 - INFO - Saved data for Rautahat: 0 places
2024-12-27 20:21:53,328 - INFO - [13/69] Completed: Tanahu (0 places)
2024-12-27 20:21:53,328 - INFO - [16/69] Starting: Humla
2024-12-27 20:21:53,329 - INFO - Saved data for Tanahu: 0 places
2024-12-27 20:21:53,384 - INFO - [14/69] Completed: Kailali (0 places)
2024-12-27 20:21:53,384 - INFO - [17/69] Starting: Taplejung
2024-12-27 20:21:53,384 - INFO - Saved data for Kailali: 0 places
2024-12-27 20:21:53,411 - INFO - [15/69] Completed: Dhanusha (0 places)
2024-12-27 20:21:53,411 - INFO - [18/69] Starting: Kanchanpur
2024-12-27 20:21:53,411 - INFO - Saved data for Dhanusha: 0 places
2024-12-27 20:21:53,424 - INFO - [16/69] Completed: Humla (0 places)
2024-12-27 20:21:53,425 - INFO - [19/69] Starting: Gorkha
2024-12-27 20:21:53,425 - INFO - Saved data for Humla: 0 places
2024-12-27 20:21:53,477 - INFO - [17/69] Completed: Taplejung (0 places)
2024-12-27 20:21:53,477 - INFO - [20/69] Starting: Myagdi
2024-12-27 20:21:53,477 - INFO - Saved data for Taplejung: 0 places
2024-12-27 20:21:53,501 - INFO - [18/69] Completed: Kanchanpur (0 places)
2024-12-27 20:21:53,501 - INFO - [21/69] Starting: Lamjung
2024-12-27 20:21:53,501 - INFO - Saved data for Kanchanpur: 0 places
2024-12-27 20:21:53,521 - INFO - [19/69] Completed: Gorkha (0 places)
2024-12-27 20:21:53,523 - INFO - [22/69] Starting: Syangja
2024-12-27 20:21:53,523 - INFO - Saved data for Gorkha: 0 places
2024-12-27 20:21:53,569 - INFO - [20/69] Completed: Myagdi (0 places)
2024-12-27 20:21:53,570 - INFO - [23/69] Starting: Bhojpur
2024-12-27 20:21:53,570 - INFO - Saved data for Myagdi: 0 places
2024-12-27 20:21:53,618 - INFO - [22/69] Completed: Syangja (0 places)
2024-12-27 20:21:53,618 - INFO - [24/69] Starting: Khotang
2024-12-27 20:21:53,618 - INFO - Saved data for Syangja: 0 places
2024-12-27 20:21:53,682 - INFO - [23/69] Completed: Bhojpur (0 places)
2024-12-27 20:21:53,683 - INFO - [25/69] Starting: Mustang
2024-12-27 20:21:53,683 - INFO - Saved data for Bhojpur: 0 places
2024-12-27 20:21:53,712 - INFO - [24/69] Completed: Khotang (0 places)
2024-12-27 20:21:53,713 - INFO - [26/69] Starting: Baitadi
2024-12-27 20:21:53,713 - INFO - Saved data for Khotang: 0 places
2024-12-27 20:21:53,772 - INFO - [25/69] Completed: Mustang (0 places)
2024-12-27 20:21:53,772 - INFO - [27/69] Starting: Kavrepalanchok
2024-12-27 20:21:53,772 - INFO - Saved data for Mustang: 0 places
2024-12-27 20:21:53,780 - INFO - [21/69] Completed: Lamjung (0 places)
2024-12-27 20:21:53,780 - INFO - [28/69] Starting: Panchthar
2024-12-27 20:21:53,780 - INFO - Saved data for Lamjung: 0 places
2024-12-27 20:21:53,806 - INFO - [26/69] Completed: Baitadi (0 places)
2024-12-27 20:21:53,807 - INFO - [29/69] Starting: Saptari
2024-12-27 20:21:53,807 - INFO - Saved data for Baitadi: 0 places
2024-12-27 20:21:53,869 - INFO - [27/69] Completed: Kavrepalanchok (0 places)
2024-12-27 20:21:53,869 - INFO - [30/69] Starting: Makwanpur
2024-12-27 20:21:53,870 - INFO - Saved data for Kavrepalanchok: 0 places
2024-12-27 20:21:53,874 - INFO - [28/69] Completed: Panchthar (0 places)
2024-12-27 20:21:53,875 - INFO - [31/69] Starting: Mugu
2024-12-27 20:21:53,875 - INFO - Saved data for Panchthar: 0 places
2024-12-27 20:21:53,901 - INFO - [29/69] Completed: Saptari (0 places)
2024-12-27 20:21:53,901 - INFO - [32/69] Starting: Chitwan
2024-12-27 20:21:53,902 - INFO - Saved data for Saptari: 0 places
2024-12-27 20:21:53,968 - INFO - [30/69] Completed: Makwanpur (0 places)
2024-12-27 20:21:53,968 - INFO - [33/69] Starting: Bajhang
2024-12-27 20:21:53,969 - INFO - Saved data for Makwanpur: 0 places
2024-12-27 20:21:53,980 - INFO - [31/69] Completed: Mugu (0 places)
2024-12-27 20:21:53,980 - INFO - [34/69] Starting: Nawalparasi
2024-12-27 20:21:53,980 - INFO - Saved data for Mugu: 0 places
2024-12-27 20:21:53,991 - INFO - [32/69] Completed: Chitwan (0 places)
2024-12-27 20:21:53,991 - INFO - [35/69] Starting: Parsa
2024-12-27 20:21:53,991 - INFO - Saved data for Chitwan: 0 places
2024-12-27 20:21:54,061 - INFO - [33/69] Completed: Bajhang (0 places)
2024-12-27 20:21:54,062 - INFO - [36/69] Starting: Ramechhap
2024-12-27 20:21:54,062 - INFO - Saved data for Bajhang: 0 places
2024-12-27 20:21:54,070 - INFO - [34/69] Completed: Nawalparasi (0 places)
2024-12-27 20:21:54,070 - INFO - [37/69] Starting: Salyan
2024-12-27 20:21:54,071 - INFO - Saved data for Nawalparasi: 0 places
2024-12-27 20:21:54,085 - INFO - [35/69] Completed: Parsa (0 places)
2024-12-27 20:21:54,086 - INFO - [38/69] Starting: Bardiya
2024-12-27 20:21:54,087 - INFO - Saved data for Parsa: 0 places
2024-12-27 20:21:54,155 - INFO - [36/69] Completed: Ramechhap (0 places)
2024-12-27 20:21:54,155 - INFO - [39/69] Starting: Pyuthan
2024-12-27 20:21:54,155 - INFO - Saved data for Ramechhap: 0 places
2024-12-27 20:21:54,159 - INFO - [37/69] Completed: Salyan (0 places)
2024-12-27 20:21:54,160 - INFO - [40/69] Starting: Sankhuwasabha
2024-12-27 20:21:54,160 - INFO - Saved data for Salyan: 0 places
2024-12-27 20:21:54,176 - INFO - [38/69] Completed: Bardiya (0 places)
2024-12-27 20:21:54,177 - INFO - [41/69] Starting: Rukum
2024-12-27 20:21:54,177 - INFO - Saved data for Bardiya: 0 places
2024-12-27 20:21:54,256 - INFO - [40/69] Completed: Sankhuwasabha (0 places)
2024-12-27 20:21:54,257 - INFO - [42/69] Starting: Dang
2024-12-27 20:21:54,257 - INFO - Saved data for Sankhuwasabha: 0 places
2024-12-27 20:21:54,273 - INFO - [41/69] Completed: Rukum (0 places)
2024-12-27 20:21:54,274 - INFO - [39/69] Completed: Pyuthan (0 places)
2024-12-27 20:21:54,274 - INFO - [43/69] Starting: Terhathum
2024-12-27 20:21:54,274 - INFO - Saved data for Rukum: 0 places
2024-12-27 20:21:54,275 - INFO - [44/69] Starting: Morang
2024-12-27 20:21:54,277 - INFO - Saved data for Pyuthan: 0 places
2024-12-27 20:21:54,346 - INFO - [42/69] Completed: Dang (0 places)
2024-12-27 20:21:54,346 - INFO - [45/69] Starting: Siraha
2024-12-27 20:21:54,347 - INFO - Saved data for Dang: 0 places
2024-12-27 20:21:54,370 - INFO - [43/69] Completed: Terhathum (0 places)
2024-12-27 20:21:54,370 - INFO - [46/69] Starting: Rupandehi
2024-12-27 20:21:54,370 - INFO - Saved data for Terhathum: 0 places
2024-12-27 20:21:54,374 - INFO - [44/69] Completed: Morang (0 places)
2024-12-27 20:21:54,374 - INFO - [47/69] Starting: Manang
2024-12-27 20:21:54,375 - INFO - Saved data for Morang: 0 places
2024-12-27 20:21:54,439 - INFO - [45/69] Completed: Siraha (0 places)
2024-12-27 20:21:54,439 - INFO - [48/69] Starting: Sindhuli
2024-12-27 20:21:54,439 - INFO - Saved data for Siraha: 0 places
2024-12-27 20:21:54,466 - INFO - [46/69] Completed: Rupandehi (0 places)
2024-12-27 20:21:54,466 - INFO - [47/69] Completed: Manang (0 places)
2024-12-27 20:21:54,467 - INFO - [49/69] Starting: Bajura
2024-12-27 20:21:54,467 - INFO - Saved data for Rupandehi: 0 places
2024-12-27 20:21:54,468 - INFO - [50/69] Starting: Sindhupalchok
2024-12-27 20:21:54,469 - INFO - Saved data for Manang: 0 places
2024-12-27 20:21:54,529 - INFO - [48/69] Completed: Sindhuli (0 places)
2024-12-27 20:21:54,530 - INFO - [51/69] Starting: Jajarkot
2024-12-27 20:21:54,530 - INFO - Saved data for Sindhuli: 0 places
2024-12-27 20:21:54,559 - INFO - [49/69] Completed: Bajura (0 places)
2024-12-27 20:21:54,559 - INFO - [52/69] Starting: Surkhet
2024-12-27 20:21:54,560 - INFO - Saved data for Bajura: 0 places
2024-12-27 20:21:54,561 - INFO - [50/69] Completed: Sindhupalchok (0 places)
2024-12-27 20:21:54,561 - INFO - [53/69] Starting: Okhaldhunga
2024-12-27 20:21:54,562 - INFO - Saved data for Sindhupalchok: 0 places
2024-12-27 20:21:54,635 - INFO - [51/69] Completed: Jajarkot (0 places)
2024-12-27 20:21:54,635 - INFO - [54/69] Starting: Kaski
2024-12-27 20:21:54,635 - INFO - Saved data for Jajarkot: 0 places
2024-12-27 20:21:54,653 - INFO - [53/69] Completed: Okhaldhunga (0 places)
2024-12-27 20:21:54,653 - INFO - [55/69] Starting: Ilam
2024-12-27 20:21:54,655 - INFO - Saved data for Okhaldhunga: 0 places
2024-12-27 20:21:54,656 - INFO - [52/69] Completed: Surkhet (0 places)
2024-12-27 20:21:54,657 - INFO - [56/69] Starting: Mahottari
2024-12-27 20:21:54,657 - INFO - Saved data for Surkhet: 0 places
2024-12-27 20:21:54,724 - INFO - [54/69] Completed: Kaski (0 places)
2024-12-27 20:21:54,725 - INFO - [57/69] Starting: Dolpa
2024-12-27 20:21:54,725 - INFO - Saved data for Kaski: 0 places
2024-12-27 20:21:54,755 - INFO - [55/69] Completed: Ilam (0 places)
2024-12-27 20:21:54,758 - INFO - [58/69] Starting: Palpa
2024-12-27 20:21:54,767 - INFO - Saved data for Ilam: 0 places
2024-12-27 20:21:54,771 - INFO - [56/69] Completed: Mahottari (0 places)
2024-12-27 20:21:54,779 - INFO - [59/69] Starting: Rasuwa
2024-12-27 20:21:54,786 - INFO - Saved data for Mahottari: 0 places
2024-12-27 20:21:54,815 - INFO - [57/69] Completed: Dolpa (0 places)
2024-12-27 20:21:54,816 - INFO - [60/69] Starting: Baglung
2024-12-27 20:21:54,816 - INFO - Saved data for Dolpa: 0 places
2024-12-27 20:21:54,870 - INFO - [58/69] Completed: Palpa (0 places)
2024-12-27 20:21:54,870 - INFO - [59/69] Completed: Rasuwa (0 places)
2024-12-27 20:21:54,871 - INFO - [61/69] Starting: Sunsari
2024-12-27 20:21:54,871 - INFO - Saved data for Palpa: 0 places
2024-12-27 20:21:54,871 - INFO - [62/69] Starting: Parbat
2024-12-27 20:21:54,871 - INFO - Saved data for Rasuwa: 0 places
2024-12-27 20:21:54,911 - INFO - [60/69] Completed: Baglung (0 places)
2024-12-27 20:21:54,911 - INFO - [63/69] Starting: Jumla
2024-12-27 20:21:54,911 - INFO - Saved data for Baglung: 0 places
2024-12-27 20:21:54,964 - INFO - [61/69] Completed: Sunsari (0 places)
2024-12-27 20:21:54,965 - INFO - [64/69] Starting: Sarlahi
2024-12-27 20:21:54,965 - INFO - Saved data for Sunsari: 0 places
2024-12-27 20:21:54,967 - INFO - [62/69] Completed: Parbat (0 places)
2024-12-27 20:21:54,967 - INFO - [65/69] Starting: Gulmi
2024-12-27 20:21:54,968 - INFO - Saved data for Parbat: 0 places
2024-12-27 20:21:55,001 - INFO - [63/69] Completed: Jumla (0 places)
2024-12-27 20:21:55,003 - INFO - [66/69] Starting: Solukhumbu
2024-12-27 20:21:55,003 - INFO - Saved data for Jumla: 0 places
2024-12-27 20:21:55,061 - INFO - [64/69] Completed: Sarlahi (0 places)
2024-12-27 20:21:55,061 - INFO - [67/69] Starting: Nuwakot
2024-12-27 20:21:55,061 - INFO - Saved data for Sarlahi: 0 places
2024-12-27 20:21:55,067 - INFO - [65/69] Completed: Gulmi (0 places)
2024-12-27 20:21:55,067 - INFO - [68/69] Starting: Rolpa
2024-12-27 20:21:55,067 - INFO - Saved data for Gulmi: 0 places
2024-12-27 20:21:55,096 - INFO - [66/69] Completed: Solukhumbu (0 places)
2024-12-27 20:21:55,097 - INFO - [69/69] Starting: Kapilvastu
2024-12-27 20:21:55,097 - INFO - Saved data for Solukhumbu: 0 places
2024-12-27 20:21:55,154 - INFO - [67/69] Completed: Nuwakot (0 places)
2024-12-27 20:21:55,155 - INFO - Saved data for Nuwakot: 0 places
2024-12-27 20:21:55,156 - INFO - [68/69] Completed: Rolpa (0 places)
2024-12-27 20:21:55,156 - INFO - Saved data for Rolpa: 0 places
2024-12-27 20:21:55,205 - INFO - [69/69] Completed: Kapilvastu (0 places)
2024-12-27 20:21:55,205 - INFO - Saved data for Kapilvastu: 0 places
2024-12-27 20:22:48,294 - INFO - [1/69] Starting: Baitadi
2024-12-27 20:22:48,300 - INFO - [2/69] Starting: Morang
2024-12-27 20:22:48,303 - INFO - [3/69] Starting: Salyan
2024-12-27 20:22:48,531 - INFO - [2/69] Completed: Morang (0 places)
2024-12-27 20:22:48,532 - INFO - [4/69] Starting: Saptari
2024-12-27 20:22:48,532 - INFO - Saved data for Morang: 0 places
2024-12-27 20:22:48,622 - INFO - [4/69] Completed: Saptari (0 places)
2024-12-27 20:22:48,623 - INFO - [5/69] Starting: Sindhuli
2024-12-27 20:22:48,623 - INFO - Saved data for Saptari: 0 places
2024-12-27 20:22:48,837 - INFO - [3/69] Completed: Salyan (0 places)
2024-12-27 20:22:48,837 - INFO - [6/69] Starting: Tanahu
2024-12-27 20:22:48,837 - INFO - Saved data for Salyan: 0 places
2024-12-27 20:22:48,851 - INFO - [1/69] Completed: Baitadi (0 places)
2024-12-27 20:22:48,852 - INFO - [7/69] Starting: Jhapa
2024-12-27 20:22:48,852 - INFO - Saved data for Baitadi: 0 places
2024-12-27 20:22:48,920 - INFO - [5/69] Completed: Sindhuli (0 places)
2024-12-27 20:22:48,921 - INFO - [8/69] Starting: Myagdi
2024-12-27 20:22:48,921 - INFO - Saved data for Sindhuli: 0 places
2024-12-27 20:22:48,928 - INFO - [6/69] Completed: Tanahu (0 places)
2024-12-27 20:22:48,928 - INFO - [9/69] Starting: Sarlahi
2024-12-27 20:22:48,928 - INFO - Saved data for Tanahu: 0 places
2024-12-27 20:22:48,946 - INFO - [7/69] Completed: Jhapa (0 places)
2024-12-27 20:22:48,946 - INFO - [10/69] Starting: Dang
2024-12-27 20:22:48,946 - INFO - Saved data for Jhapa: 0 places
2024-12-27 20:22:49,015 - INFO - [8/69] Completed: Myagdi (0 places)
2024-12-27 20:22:49,017 - INFO - [11/69] Starting: Mugu
2024-12-27 20:22:49,018 - INFO - Saved data for Myagdi: 0 places
2024-12-27 20:22:49,111 - INFO - [11/69] Completed: Mugu (0 places)
2024-12-27 20:22:49,112 - INFO - [12/69] Starting: Okhaldhunga
2024-12-27 20:22:49,112 - INFO - Saved data for Mugu: 0 places
2024-12-27 20:22:49,258 - INFO - [10/69] Completed: Dang (0 places)
2024-12-27 20:22:49,259 - INFO - [13/69] Starting: Rolpa
2024-12-27 20:22:49,259 - INFO - Saved data for Dang: 0 places
2024-12-27 20:22:49,293 - INFO - [9/69] Completed: Sarlahi (0 places)
2024-12-27 20:22:49,293 - INFO - [14/69] Starting: Mustang
2024-12-27 20:22:49,293 - INFO - Saved data for Sarlahi: 0 places
2024-12-27 20:22:49,348 - INFO - [13/69] Completed: Rolpa (0 places)
2024-12-27 20:22:49,349 - INFO - [15/69] Starting: Dadeldhura
2024-12-27 20:22:49,349 - INFO - Saved data for Rolpa: 0 places
2024-12-27 20:22:49,383 - INFO - [14/69] Completed: Mustang (0 places)
2024-12-27 20:22:49,383 - INFO - [16/69] Starting: Kailali
2024-12-27 20:22:49,384 - INFO - Saved data for Mustang: 0 places
2024-12-27 20:22:49,439 - INFO - [15/69] Completed: Dadeldhura (0 places)
2024-12-27 20:22:49,439 - INFO - [17/69] Starting: Surkhet
2024-12-27 20:22:49,439 - INFO - Saved data for Dadeldhura: 0 places
2024-12-27 20:22:49,440 - INFO - [12/69] Completed: Okhaldhunga (0 places)
2024-12-27 20:22:49,441 - INFO - [18/69] Starting: Manang
2024-12-27 20:22:49,441 - INFO - Saved data for Okhaldhunga: 0 places
2024-12-27 20:22:49,481 - INFO - [16/69] Completed: Kailali (0 places)
2024-12-27 20:22:49,482 - INFO - [19/69] Starting: Banke
2024-12-27 20:22:49,483 - INFO - Saved data for Kailali: 0 places
2024-12-27 20:22:49,530 - INFO - [17/69] Completed: Surkhet (0 places)
2024-12-27 20:22:49,530 - INFO - [20/69] Starting: Rautahat
2024-12-27 20:22:49,530 - INFO - Saved data for Surkhet: 0 places
2024-12-27 20:22:49,536 - INFO - [18/69] Completed: Manang (0 places)
2024-12-27 20:22:49,537 - INFO - [21/69] Starting: Humla
2024-12-27 20:22:49,537 - INFO - Saved data for Manang: 0 places
2024-12-27 20:22:49,575 - INFO - [19/69] Completed: Banke (0 places)
2024-12-27 20:22:49,577 - INFO - [22/69] Starting: Solukhumbu
2024-12-27 20:22:49,577 - INFO - Saved data for Banke: 0 places
2024-12-27 20:22:49,633 - INFO - [21/69] Completed: Humla (0 places)
2024-12-27 20:22:49,634 - INFO - [23/69] Starting: Udayapur
2024-12-27 20:22:49,634 - INFO - Saved data for Humla: 0 places
2024-12-27 20:22:49,638 - INFO - [20/69] Completed: Rautahat (0 places)
2024-12-27 20:22:49,638 - INFO - [24/69] Starting: Bhojpur
2024-12-27 20:22:49,638 - INFO - Saved data for Rautahat: 0 places
2024-12-27 20:22:49,664 - INFO - [22/69] Completed: Solukhumbu (0 places)
2024-12-27 20:22:49,666 - INFO - [25/69] Starting: Sindhupalchok
2024-12-27 20:22:49,666 - INFO - Saved data for Solukhumbu: 0 places
2024-12-27 20:22:49,725 - INFO - [23/69] Completed: Udayapur (0 places)
2024-12-27 20:22:49,725 - INFO - [24/69] Completed: Bhojpur (0 places)
2024-12-27 20:22:49,725 - INFO - [26/69] Starting: Bhaktapur
2024-12-27 20:22:49,727 - INFO - Saved data for Udayapur: 0 places
2024-12-27 20:22:49,727 - INFO - [27/69] Starting: Sankhuwasabha
2024-12-27 20:22:49,727 - INFO - Saved data for Bhojpur: 0 places
2024-12-27 20:22:49,763 - INFO - [25/69] Completed: Sindhupalchok (0 places)
2024-12-27 20:22:49,763 - INFO - [28/69] Starting: Dhanusha
2024-12-27 20:22:49,764 - INFO - Saved data for Sindhupalchok: 0 places
2024-12-27 20:22:49,817 - INFO - [27/69] Completed: Sankhuwasabha (0 places)
2024-12-27 20:22:49,818 - INFO - [29/69] Starting: Kathmandu
2024-12-27 20:22:49,818 - INFO - Saved data for Sankhuwasabha: 0 places
2024-12-27 20:22:49,823 - INFO - [26/69] Completed: Bhaktapur (0 places)
2024-12-27 20:22:49,824 - INFO - [30/69] Starting: Parbat
2024-12-27 20:22:49,824 - INFO - Saved data for Bhaktapur: 0 places
2024-12-27 20:22:49,873 - INFO - [28/69] Completed: Dhanusha (0 places)
2024-12-27 20:22:49,873 - INFO - [31/69] Starting: Arghakhanchi
2024-12-27 20:22:49,873 - INFO - Saved data for Dhanusha: 0 places
2024-12-27 20:22:49,906 - INFO - [29/69] Completed: Kathmandu (0 places)
2024-12-27 20:22:49,907 - INFO - [32/69] Starting: Ramechhap
2024-12-27 20:22:49,907 - INFO - Saved data for Kathmandu: 0 places
2024-12-27 20:22:49,920 - INFO - [30/69] Completed: Parbat (0 places)
2024-12-27 20:22:49,920 - INFO - [33/69] Starting: Nawalparasi
2024-12-27 20:22:49,920 - INFO - Saved data for Parbat: 0 places
2024-12-27 20:22:49,969 - INFO - [31/69] Completed: Arghakhanchi (0 places)
2024-12-27 20:22:49,969 - INFO - [34/69] Starting: Dolakha
2024-12-27 20:22:49,969 - INFO - Saved data for Arghakhanchi: 0 places
2024-12-27 20:22:50,000 - INFO - [32/69] Completed: Ramechhap (0 places)
2024-12-27 20:22:50,000 - INFO - [35/69] Starting: Palpa
2024-12-27 20:22:50,000 - INFO - Saved data for Ramechhap: 0 places
2024-12-27 20:22:50,014 - INFO - [33/69] Completed: Nawalparasi (0 places)
2024-12-27 20:22:50,014 - INFO - [36/69] Starting: Mahottari
2024-12-27 20:22:50,014 - INFO - Saved data for Nawalparasi: 0 places
2024-12-27 20:22:50,060 - INFO - [34/69] Completed: Dolakha (0 places)
2024-12-27 20:22:50,061 - INFO - [37/69] Starting: Nuwakot
2024-12-27 20:22:50,061 - INFO - Saved data for Dolakha: 0 places
2024-12-27 20:22:50,095 - INFO - [35/69] Completed: Palpa (0 places)
2024-12-27 20:22:50,096 - INFO - [38/69] Starting: Dolpa
2024-12-27 20:22:50,096 - INFO - Saved data for Palpa: 0 places
2024-12-27 20:22:50,119 - INFO - [36/69] Completed: Mahottari (0 places)
2024-12-27 20:22:50,120 - INFO - [39/69] Starting: Kanchanpur
2024-12-27 20:22:50,120 - INFO - Saved data for Mahottari: 0 places
2024-12-27 20:22:50,148 - INFO - [37/69] Completed: Nuwakot (0 places)
2024-12-27 20:22:50,148 - INFO - [40/69] Starting: Panchthar
2024-12-27 20:22:50,148 - INFO - Saved data for Nuwakot: 0 places
2024-12-27 20:22:50,190 - INFO - [38/69] Completed: Dolpa (0 places)
2024-12-27 20:22:50,190 - INFO - [41/69] Starting: Gorkha
2024-12-27 20:22:50,191 - INFO - Saved data for Dolpa: 0 places
2024-12-27 20:22:50,208 - INFO - [39/69] Completed: Kanchanpur (0 places)
2024-12-27 20:22:50,209 - INFO - [42/69] Starting: Pyuthan
2024-12-27 20:22:50,209 - INFO - Saved data for Kanchanpur: 0 places
2024-12-27 20:22:50,242 - INFO - [40/69] Completed: Panchthar (0 places)
2024-12-27 20:22:50,243 - INFO - [43/69] Starting: Gulmi
2024-12-27 20:22:50,243 - INFO - Saved data for Panchthar: 0 places
2024-12-27 20:22:50,284 - INFO - [41/69] Completed: Gorkha (0 places)
2024-12-27 20:22:50,285 - INFO - [44/69] Starting: Syangja
2024-12-27 20:22:50,285 - INFO - Saved data for Gorkha: 0 places
2024-12-27 20:22:50,297 - INFO - [42/69] Completed: Pyuthan (0 places)
2024-12-27 20:22:50,297 - INFO - [45/69] Starting: Bajura
2024-12-27 20:22:50,297 - INFO - Saved data for Pyuthan: 0 places
2024-12-27 20:22:50,338 - INFO - [43/69] Completed: Gulmi (0 places)
2024-12-27 20:22:50,339 - INFO - [46/69] Starting: Makwanpur
2024-12-27 20:22:50,339 - INFO - Saved data for Gulmi: 0 places
2024-12-27 20:22:50,374 - INFO - [44/69] Completed: Syangja (0 places)
2024-12-27 20:22:50,374 - INFO - [47/69] Starting: Sunsari
2024-12-27 20:22:50,375 - INFO - Saved data for Syangja: 0 places
2024-12-27 20:22:50,391 - INFO - [45/69] Completed: Bajura (0 places)
2024-12-27 20:22:50,392 - INFO - [48/69] Starting: Taplejung
2024-12-27 20:22:50,392 - INFO - Saved data for Bajura: 0 places
2024-12-27 20:22:50,447 - INFO - [46/69] Completed: Makwanpur (0 places)
2024-12-27 20:22:50,447 - INFO - [49/69] Starting: Lamjung
2024-12-27 20:22:50,448 - INFO - Saved data for Makwanpur: 0 places
2024-12-27 20:22:50,467 - INFO - [47/69] Completed: Sunsari (0 places)
2024-12-27 20:22:50,468 - INFO - [50/69] Starting: Kavrepalanchok
2024-12-27 20:22:50,468 - INFO - Saved data for Sunsari: 0 places
2024-12-27 20:22:50,485 - INFO - [48/69] Completed: Taplejung (0 places)
2024-12-27 20:22:50,485 - INFO - [51/69] Starting: Bardiya
2024-12-27 20:22:50,485 - INFO - Saved data for Taplejung: 0 places
2024-12-27 20:22:50,543 - INFO - [49/69] Completed: Lamjung (0 places)
2024-12-27 20:22:50,544 - INFO - [52/69] Starting: Jajarkot
2024-12-27 20:22:50,544 - INFO - Saved data for Lamjung: 0 places
2024-12-27 20:22:50,561 - INFO - [50/69] Completed: Kavrepalanchok (0 places)
2024-12-27 20:22:50,562 - INFO - [53/69] Starting: Kaski
2024-12-27 20:22:50,562 - INFO - Saved data for Kavrepalanchok: 0 places
2024-12-27 20:22:50,581 - INFO - [51/69] Completed: Bardiya (0 places)
2024-12-27 20:22:50,581 - INFO - [54/69] Starting: Rukum
2024-12-27 20:22:50,581 - INFO - Saved data for Bardiya: 0 places
2024-12-27 20:22:50,635 - INFO - [52/69] Completed: Jajarkot (0 places)
2024-12-27 20:22:50,635 - INFO - [55/69] Starting: Rasuwa
2024-12-27 20:22:50,635 - INFO - Saved data for Jajarkot: 0 places
2024-12-27 20:22:50,659 - INFO - [53/69] Completed: Kaski (0 places)
2024-12-27 20:22:50,660 - INFO - [56/69] Starting: Chitwan
2024-12-27 20:22:50,660 - INFO - Saved data for Kaski: 0 places
2024-12-27 20:22:50,687 - INFO - [54/69] Completed: Rukum (0 places)
2024-12-27 20:22:50,688 - INFO - [57/69] Starting: Lalitpur
2024-12-27 20:22:50,688 - INFO - Saved data for Rukum: 0 places
2024-12-27 20:22:50,727 - INFO - [55/69] Completed: Rasuwa (0 places)
2024-12-27 20:22:50,727 - INFO - [58/69] Starting: Ilam
2024-12-27 20:22:50,728 - INFO - Saved data for Rasuwa: 0 places
2024-12-27 20:22:50,753 - INFO - [56/69] Completed: Chitwan (0 places)
2024-12-27 20:22:50,753 - INFO - [59/69] Starting: Bajhang
2024-12-27 20:22:50,753 - INFO - Saved data for Chitwan: 0 places
2024-12-27 20:22:50,779 - INFO - [57/69] Completed: Lalitpur (0 places)
2024-12-27 20:22:50,779 - INFO - [60/69] Starting: Achham
2024-12-27 20:22:50,779 - INFO - Saved data for Lalitpur: 0 places
2024-12-27 20:22:50,835 - INFO - [58/69] Completed: Ilam (0 places)
2024-12-27 20:22:50,836 - INFO - [61/69] Starting: Jumla
2024-12-27 20:22:50,836 - INFO - Saved data for Ilam: 0 places
2024-12-27 20:22:50,847 - INFO - [59/69] Completed: Bajhang (0 places)
2024-12-27 20:22:50,847 - INFO - [62/69] Starting: Kapilvastu
2024-12-27 20:22:50,848 - INFO - Saved data for Bajhang: 0 places
2024-12-27 20:22:50,873 - INFO - [60/69] Completed: Achham (0 places)
2024-12-27 20:22:50,874 - INFO - [63/69] Starting: Parsa
2024-12-27 20:22:50,874 - INFO - Saved data for Achham: 0 places
2024-12-27 20:22:50,927 - INFO - [61/69] Completed: Jumla (0 places)
2024-12-27 20:22:50,927 - INFO - [64/69] Starting: Khotang
2024-12-27 20:22:50,927 - INFO - Saved data for Jumla: 0 places
2024-12-27 20:22:50,937 - INFO - [62/69] Completed: Kapilvastu (0 places)
2024-12-27 20:22:50,937 - INFO - [65/69] Starting: Siraha
2024-12-27 20:22:50,937 - INFO - Saved data for Kapilvastu: 0 places
2024-12-27 20:22:50,968 - INFO - [63/69] Completed: Parsa (0 places)
2024-12-27 20:22:50,968 - INFO - [66/69] Starting: Kalikot
2024-12-27 20:22:50,969 - INFO - Saved data for Parsa: 0 places
2024-12-27 20:22:51,017 - INFO - [64/69] Completed: Khotang (0 places)
2024-12-27 20:22:51,017 - INFO - [67/69] Starting: Baglung
2024-12-27 20:22:51,017 - INFO - Saved data for Khotang: 0 places
2024-12-27 20:22:51,032 - INFO - [65/69] Completed: Siraha (0 places)
2024-12-27 20:22:51,032 - INFO - [68/69] Starting: Terhathum
2024-12-27 20:22:51,032 - INFO - Saved data for Siraha: 0 places
2024-12-27 20:22:51,063 - INFO - [66/69] Completed: Kalikot (0 places)
2024-12-27 20:22:51,063 - INFO - [69/69] Starting: Rupandehi
2024-12-27 20:22:51,064 - INFO - Saved data for Kalikot: 0 places
2024-12-27 20:22:51,110 - INFO - [67/69] Completed: Baglung (0 places)
2024-12-27 20:22:51,111 - INFO - Saved data for Baglung: 0 places
2024-12-27 20:22:51,127 - INFO - [68/69] Completed: Terhathum (0 places)
2024-12-27 20:22:51,128 - INFO - Saved data for Terhathum: 0 places
2024-12-27 20:22:51,165 - INFO - [69/69] Completed: Rupandehi (0 places)
2024-12-27 20:22:51,165 - INFO - Saved data for Rupandehi: 0 places
2024-12-27 20:23:03,306 - INFO - [1/69] Starting: Makwanpur
2024-12-27 20:23:03,306 - INFO - [2/69] Starting: Gulmi
2024-12-27 20:23:03,306 - INFO - [3/69] Starting: Jajarkot
2024-12-27 20:23:03,528 - INFO - [2/69] Completed: Gulmi (0 places)
2024-12-27 20:23:03,529 - INFO - [4/69] Starting: Khotang
2024-12-27 20:23:03,529 - INFO - Saved data for Gulmi: 0 places
2024-12-27 20:23:03,721 - INFO - [4/69] Completed: Khotang (0 places)
2024-12-27 20:23:03,722 - INFO - [5/69] Starting: Arghakhanchi
2024-12-27 20:23:03,722 - INFO - Saved data for Khotang: 0 places
2024-12-27 20:23:03,846 - INFO - [3/69] Completed: Jajarkot (0 places)
2024-12-27 20:23:03,846 - INFO - [5/69] Completed: Arghakhanchi (0 places)
2024-12-27 20:23:03,846 - INFO - [6/69] Starting: Jumla
2024-12-27 20:23:03,846 - INFO - Saved data for Jajarkot: 0 places
2024-12-27 20:23:03,847 - INFO - [7/69] Starting: Okhaldhunga
2024-12-27 20:23:03,851 - INFO - Saved data for Arghakhanchi: 0 places
2024-12-27 20:23:03,858 - INFO - [1/69] Completed: Makwanpur (0 places)
2024-12-27 20:23:03,859 - INFO - [8/69] Starting: Lamjung
2024-12-27 20:23:03,859 - INFO - Saved data for Makwanpur: 0 places
2024-12-27 20:23:03,948 - INFO - [7/69] Completed: Okhaldhunga (0 places)
2024-12-27 20:23:03,948 - INFO - [8/69] Completed: Lamjung (0 places)
2024-12-27 20:23:03,949 - INFO - [6/69] Completed: Jumla (0 places)
2024-12-27 20:23:03,949 - INFO - [9/69] Starting: Bardiya
2024-12-27 20:23:03,949 - INFO - Saved data for Okhaldhunga: 0 places
2024-12-27 20:23:03,949 - INFO - [10/69] Starting: Chitwan
2024-12-27 20:23:03,949 - INFO - [11/69] Starting: Siraha
2024-12-27 20:23:03,950 - INFO - Saved data for Lamjung: 0 places
2024-12-27 20:23:03,953 - INFO - Saved data for Jumla: 0 places
2024-12-27 20:23:04,055 - INFO - [9/69] Completed: Bardiya (0 places)
2024-12-27 20:23:04,055 - INFO - [12/69] Starting: Dhanusha
2024-12-27 20:23:04,056 - INFO - Saved data for Bardiya: 0 places
2024-12-27 20:23:04,147 - INFO - [12/69] Completed: Dhanusha (0 places)
2024-12-27 20:23:04,147 - INFO - [13/69] Starting: Rasuwa
2024-12-27 20:23:04,147 - INFO - Saved data for Dhanusha: 0 places
2024-12-27 20:23:04,244 - INFO - [13/69] Completed: Rasuwa (0 places)
2024-12-27 20:23:04,245 - INFO - [14/69] Starting: Dadeldhura
2024-12-27 20:23:04,245 - INFO - Saved data for Rasuwa: 0 places
2024-12-27 20:23:04,268 - INFO - [11/69] Completed: Siraha (0 places)
2024-12-27 20:23:04,269 - INFO - [15/69] Starting: Bajura
2024-12-27 20:23:04,269 - INFO - Saved data for Siraha: 0 places
2024-12-27 20:23:04,272 - INFO - [10/69] Completed: Chitwan (0 places)
2024-12-27 20:23:04,272 - INFO - [16/69] Starting: Jhapa
2024-12-27 20:23:04,274 - INFO - Saved data for Chitwan: 0 places
2024-12-27 20:23:04,337 - INFO - [14/69] Completed: Dadeldhura (0 places)
2024-12-27 20:23:04,338 - INFO - [17/69] Starting: Kanchanpur
2024-12-27 20:23:04,338 - INFO - Saved data for Dadeldhura: 0 places
2024-12-27 20:23:04,374 - INFO - [15/69] Completed: Bajura (0 places)
2024-12-27 20:23:04,375 - INFO - [18/69] Starting: Rolpa
2024-12-27 20:23:04,376 - INFO - Saved data for Bajura: 0 places
2024-12-27 20:23:04,446 - INFO - [16/69] Completed: Jhapa (0 places)
2024-12-27 20:23:04,446 - INFO - [19/69] Starting: Kailali
2024-12-27 20:23:04,447 - INFO - [17/69] Completed: Kanchanpur (0 places)
2024-12-27 20:23:04,447 - INFO - Saved data for Jhapa: 0 places
2024-12-27 20:23:04,448 - INFO - [20/69] Starting: Panchthar
2024-12-27 20:23:04,448 - INFO - Saved data for Kanchanpur: 0 places
2024-12-27 20:23:04,545 - INFO - [19/69] Completed: Kailali (0 places)
2024-12-27 20:23:04,545 - INFO - [21/69] Starting: Achham
2024-12-27 20:23:04,545 - INFO - Saved data for Kailali: 0 places
2024-12-27 20:23:04,633 - INFO - [21/69] Completed: Achham (0 places)
2024-12-27 20:23:04,633 - INFO - [22/69] Starting: Bajhang
2024-12-27 20:23:04,634 - INFO - Saved data for Achham: 0 places
2024-12-27 20:23:04,682 - INFO - [18/69] Completed: Rolpa (0 places)
2024-12-27 20:23:04,682 - INFO - [23/69] Starting: Kaski
2024-12-27 20:23:04,683 - INFO - Saved data for Rolpa: 0 places
2024-12-27 20:23:04,729 - INFO - [22/69] Completed: Bajhang (0 places)
2024-12-27 20:23:04,729 - INFO - [24/69] Starting: Syangja
2024-12-27 20:23:04,729 - INFO - Saved data for Bajhang: 0 places
2024-12-27 20:23:04,774 - INFO - [20/69] Completed: Panchthar (0 places)
2024-12-27 20:23:04,774 - INFO - [23/69] Completed: Kaski (0 places)
2024-12-27 20:23:04,775 - INFO - [25/69] Starting: Mustang
2024-12-27 20:23:04,775 - INFO - Saved data for Panchthar: 0 places
2024-12-27 20:23:04,775 - INFO - [26/69] Starting: Saptari
2024-12-27 20:23:04,776 - INFO - Saved data for Kaski: 0 places
2024-12-27 20:23:04,821 - INFO - [24/69] Completed: Syangja (0 places)
2024-12-27 20:23:04,821 - INFO - [27/69] Starting: Bhaktapur
2024-12-27 20:23:04,821 - INFO - Saved data for Syangja: 0 places
2024-12-27 20:23:04,869 - INFO - [26/69] Completed: Saptari (0 places)
2024-12-27 20:23:04,869 - INFO - [28/69] Starting: Rautahat
2024-12-27 20:23:04,870 - INFO - Saved data for Saptari: 0 places
2024-12-27 20:23:04,870 - INFO - [25/69] Completed: Mustang (0 places)
2024-12-27 20:23:04,871 - INFO - [29/69] Starting: Dang
2024-12-27 20:23:04,871 - INFO - Saved data for Mustang: 0 places
2024-12-27 20:23:04,917 - INFO - [27/69] Completed: Bhaktapur (0 places)
2024-12-27 20:23:04,918 - INFO - [30/69] Starting: Pyuthan
2024-12-27 20:23:04,918 - INFO - Saved data for Bhaktapur: 0 places
2024-12-27 20:23:04,962 - INFO - [28/69] Completed: Rautahat (0 places)
2024-12-27 20:23:04,962 - INFO - [31/69] Starting: Ilam
2024-12-27 20:23:04,962 - INFO - Saved data for Rautahat: 0 places
2024-12-27 20:23:04,966 - INFO - [29/69] Completed: Dang (0 places)
2024-12-27 20:23:04,966 - INFO - [32/69] Starting: Sindhuli
2024-12-27 20:23:04,966 - INFO - Saved data for Dang: 0 places
2024-12-27 20:23:05,008 - INFO - [30/69] Completed: Pyuthan (0 places)
2024-12-27 20:23:05,008 - INFO - [33/69] Starting: Surkhet
2024-12-27 20:23:05,008 - INFO - Saved data for Pyuthan: 0 places
2024-12-27 20:23:05,056 - INFO - [31/69] Completed: Ilam (0 places)
2024-12-27 20:23:05,059 - INFO - [32/69] Completed: Sindhuli (0 places)
2024-12-27 20:23:05,059 - INFO - [34/69] Starting: Terhathum
2024-12-27 20:23:05,059 - INFO - Saved data for Ilam: 0 places
2024-12-27 20:23:05,059 - INFO - [35/69] Starting: Banke
2024-12-27 20:23:05,060 - INFO - Saved data for Sindhuli: 0 places
2024-12-27 20:23:05,116 - INFO - [33/69] Completed: Surkhet (0 places)
2024-12-27 20:23:05,116 - INFO - [36/69] Starting: Sankhuwasabha
2024-12-27 20:23:05,116 - INFO - Saved data for Surkhet: 0 places
2024-12-27 20:23:05,153 - INFO - [35/69] Completed: Banke (0 places)
2024-12-27 20:23:05,153 - INFO - [37/69] Starting: Dolakha
2024-12-27 20:23:05,153 - INFO - Saved data for Banke: 0 places
2024-12-27 20:23:05,170 - INFO - [34/69] Completed: Terhathum (0 places)
2024-12-27 20:23:05,170 - INFO - [38/69] Starting: Kapilvastu
2024-12-27 20:23:05,170 - INFO - Saved data for Terhathum: 0 places
2024-12-27 20:23:05,211 - INFO - [36/69] Completed: Sankhuwasabha (0 places)
2024-12-27 20:23:05,212 - INFO - [39/69] Starting: Baitadi
2024-12-27 20:23:05,212 - INFO - Saved data for Sankhuwasabha: 0 places
2024-12-27 20:23:05,255 - INFO - [37/69] Completed: Dolakha (0 places)
2024-12-27 20:23:05,256 - INFO - [40/69] Starting: Baglung
2024-12-27 20:23:05,256 - INFO - Saved data for Dolakha: 0 places
2024-12-27 20:23:05,264 - INFO - [38/69] Completed: Kapilvastu (0 places)
2024-12-27 20:23:05,265 - INFO - [41/69] Starting: Lalitpur
2024-12-27 20:23:05,265 - INFO - Saved data for Kapilvastu: 0 places
2024-12-27 20:23:05,311 - INFO - [39/69] Completed: Baitadi (0 places)
2024-12-27 20:23:05,311 - INFO - [42/69] Starting: Mugu
2024-12-27 20:23:05,311 - INFO - Saved data for Baitadi: 0 places
2024-12-27 20:23:05,346 - INFO - [40/69] Completed: Baglung (0 places)
2024-12-27 20:23:05,346 - INFO - [43/69] Starting: Dolpa
2024-12-27 20:23:05,346 - INFO - Saved data for Baglung: 0 places
2024-12-27 20:23:05,361 - INFO - [41/69] Completed: Lalitpur (0 places)
2024-12-27 20:23:05,362 - INFO - [44/69] Starting: Nawalparasi
2024-12-27 20:23:05,362 - INFO - Saved data for Lalitpur: 0 places
2024-12-27 20:23:05,415 - INFO - [42/69] Completed: Mugu (0 places)
2024-12-27 20:23:05,416 - INFO - [45/69] Starting: Ramechhap
2024-12-27 20:23:05,416 - INFO - Saved data for Mugu: 0 places
2024-12-27 20:23:05,439 - INFO - [43/69] Completed: Dolpa (0 places)
2024-12-27 20:23:05,440 - INFO - [46/69] Starting: Rupandehi
2024-12-27 20:23:05,440 - INFO - Saved data for Dolpa: 0 places
2024-12-27 20:23:05,454 - INFO - [44/69] Completed: Nawalparasi (0 places)
2024-12-27 20:23:05,455 - INFO - [47/69] Starting: Salyan
2024-12-27 20:23:05,455 - INFO - Saved data for Nawalparasi: 0 places
2024-12-27 20:23:05,515 - INFO - [45/69] Completed: Ramechhap (0 places)
2024-12-27 20:23:05,516 - INFO - [48/69] Starting: Humla
2024-12-27 20:23:05,516 - INFO - Saved data for Ramechhap: 0 places
2024-12-27 20:23:05,534 - INFO - [46/69] Completed: Rupandehi (0 places)
2024-12-27 20:23:05,534 - INFO - [49/69] Starting: Solukhumbu
2024-12-27 20:23:05,534 - INFO - Saved data for Rupandehi: 0 places
2024-12-27 20:23:05,560 - INFO - [47/69] Completed: Salyan (0 places)
2024-12-27 20:23:05,561 - INFO - [50/69] Starting: Mahottari
2024-12-27 20:23:05,561 - INFO - Saved data for Salyan: 0 places
2024-12-27 20:23:05,606 - INFO - [48/69] Completed: Humla (0 places)
2024-12-27 20:23:05,608 - INFO - [51/69] Starting: Kavrepalanchok
2024-12-27 20:23:05,608 - INFO - Saved data for Humla: 0 places
2024-12-27 20:23:05,627 - INFO - [49/69] Completed: Solukhumbu (0 places)
2024-12-27 20:23:05,628 - INFO - [52/69] Starting: Rukum
2024-12-27 20:23:05,628 - INFO - Saved data for Solukhumbu: 0 places
2024-12-27 20:23:05,671 - INFO - [50/69] Completed: Mahottari (0 places)
2024-12-27 20:23:05,671 - INFO - [53/69] Starting: Nuwakot
2024-12-27 20:23:05,672 - INFO - Saved data for Mahottari: 0 places
2024-12-27 20:23:05,704 - INFO - [51/69] Completed: Kavrepalanchok (0 places)
2024-12-27 20:23:05,704 - INFO - [54/69] Starting: Myagdi
2024-12-27 20:23:05,705 - INFO - Saved data for Kavrepalanchok: 0 places
2024-12-27 20:23:05,727 - INFO - [52/69] Completed: Rukum (0 places)
2024-12-27 20:23:05,727 - INFO - [55/69] Starting: Sindhupalchok
2024-12-27 20:23:05,727 - INFO - Saved data for Rukum: 0 places
2024-12-27 20:23:05,763 - INFO - [53/69] Completed: Nuwakot (0 places)
2024-12-27 20:23:05,764 - INFO - [56/69] Starting: Bhojpur
2024-12-27 20:23:05,764 - INFO - Saved data for Nuwakot: 0 places
2024-12-27 20:23:05,800 - INFO - [54/69] Completed: Myagdi (0 places)
2024-12-27 20:23:05,800 - INFO - [57/69] Starting: Sunsari
2024-12-27 20:23:05,800 - INFO - Saved data for Myagdi: 0 places
2024-12-27 20:23:05,818 - INFO - [55/69] Completed: Sindhupalchok (0 places)
2024-12-27 20:23:05,818 - INFO - [58/69] Starting: Taplejung
2024-12-27 20:23:05,819 - INFO - Saved data for Sindhupalchok: 0 places
2024-12-27 20:23:05,854 - INFO - [56/69] Completed: Bhojpur (0 places)
2024-12-27 20:23:05,854 - INFO - [59/69] Starting: Kathmandu
2024-12-27 20:23:05,854 - INFO - Saved data for Bhojpur: 0 places
2024-12-27 20:23:05,910 - INFO - [57/69] Completed: Sunsari (0 places)
2024-12-27 20:23:05,910 - INFO - [60/69] Starting: Tanahu
2024-12-27 20:23:05,911 - INFO - [58/69] Completed: Taplejung (0 places)
2024-12-27 20:23:05,911 - INFO - Saved data for Sunsari: 0 places
2024-12-27 20:23:05,912 - INFO - [61/69] Starting: Udayapur
2024-12-27 20:23:05,912 - INFO - Saved data for Taplejung: 0 places
2024-12-27 20:23:05,946 - INFO - [59/69] Completed: Kathmandu (0 places)
2024-12-27 20:23:05,948 - INFO - [62/69] Starting: Gorkha
2024-12-27 20:23:05,948 - INFO - Saved data for Kathmandu: 0 places
2024-12-27 20:23:06,004 - INFO - [60/69] Completed: Tanahu (0 places)
2024-12-27 20:23:06,005 - INFO - [63/69] Starting: Palpa
2024-12-27 20:23:06,005 - INFO - Saved data for Tanahu: 0 places
2024-12-27 20:23:06,015 - INFO - [61/69] Completed: Udayapur (0 places)
2024-12-27 20:23:06,016 - INFO - [64/69] Starting: Parbat
2024-12-27 20:23:06,016 - INFO - Saved data for Udayapur: 0 places
2024-12-27 20:23:06,045 - INFO - [62/69] Completed: Gorkha (0 places)
2024-12-27 20:23:06,046 - INFO - [65/69] Starting: Sarlahi
2024-12-27 20:23:06,046 - INFO - Saved data for Gorkha: 0 places
2024-12-27 20:23:06,096 - INFO - [63/69] Completed: Palpa (0 places)
2024-12-27 20:23:06,097 - INFO - [66/69] Starting: Parsa
2024-12-27 20:23:06,097 - INFO - Saved data for Palpa: 0 places
2024-12-27 20:23:06,111 - INFO - [64/69] Completed: Parbat (0 places)
2024-12-27 20:23:06,112 - INFO - [67/69] Starting: Manang
2024-12-27 20:23:06,112 - INFO - Saved data for Parbat: 0 places
2024-12-27 20:23:06,150 - INFO - [65/69] Completed: Sarlahi (0 places)
2024-12-27 20:23:06,151 - INFO - [68/69] Starting: Morang
2024-12-27 20:23:06,151 - INFO - Saved data for Sarlahi: 0 places
2024-12-27 20:23:06,192 - INFO - [66/69] Completed: Parsa (0 places)
2024-12-27 20:23:06,193 - INFO - [69/69] Starting: Kalikot
2024-12-27 20:23:06,193 - INFO - Saved data for Parsa: 0 places
2024-12-27 20:23:06,211 - INFO - [67/69] Completed: Manang (0 places)
2024-12-27 20:23:06,220 - INFO - Saved data for Manang: 0 places
2024-12-27 20:23:06,256 - INFO - [68/69] Completed: Morang (0 places)
2024-12-27 20:23:06,257 - INFO - Saved data for Morang: 0 places
2024-12-27 20:23:06,290 - INFO - [69/69] Completed: Kalikot (0 places)
2024-12-27 20:23:06,291 - INFO - Saved data for Kalikot: 0 places
2024-12-27 20:23:23,787 - INFO - [1/69] Starting: Okhaldhunga
2024-12-27 20:23:23,788 - INFO - [2/69] Starting: Rolpa
2024-12-27 20:23:23,789 - INFO - [3/69] Starting: Nuwakot
2024-12-27 20:23:24,410 - INFO - [4/69] Starting: Dang
2024-12-27 20:23:24,782 - INFO - [4/69] Completed: Dang (0 places)
2024-12-27 20:23:24,783 - INFO - [5/69] Starting: Nawalparasi
2024-12-27 20:23:30,233 - INFO - [6/69] Starting: Chitwan
2024-12-27 20:23:30,816 - INFO - [7/69] Starting: Kanchanpur
2024-12-27 20:23:30,841 - INFO - [8/69] Starting: Sarlahi
2024-12-27 20:23:36,029 - INFO - [9/69] Starting: Kapilvastu
2024-12-27 20:23:36,429 - INFO - [10/69] Starting: Solukhumbu
2024-12-27 20:23:36,853 - INFO - [11/69] Starting: Udayapur
2024-12-27 20:23:38,891 - INFO - [12/69] Starting: Bajhang
2024-12-27 20:23:42,077 - INFO - [13/69] Starting: Saptari
2024-12-27 20:23:42,488 - INFO - [14/69] Starting: Lalitpur
2024-12-27 20:23:44,446 - INFO - [15/69] Starting: Sindhuli
2024-12-27 20:23:47,671 - INFO - [16/69] Starting: Jhapa
2024-12-27 20:23:48,114 - INFO - [17/69] Starting: Surkhet
2024-12-27 20:23:49,970 - INFO - [18/69] Starting: Parsa
2024-12-27 20:23:53,326 - INFO - [19/69] Starting: Palpa
2024-12-27 20:23:53,573 - INFO - [20/69] Starting: Rautahat
2024-12-27 20:23:55,446 - INFO - [21/69] Starting: Ramechhap
2024-12-27 20:23:58,855 - INFO - [22/69] Starting: Mugu
2024-12-27 20:23:58,973 - INFO - [23/69] Starting: Siraha
2024-12-27 20:23:59,190 - INFO - [24/69] Starting: Salyan
2024-12-27 20:24:01,022 - INFO - [25/69] Starting: Kavrepalanchok
2024-12-27 20:24:04,412 - INFO - [26/69] Starting: Terhathum
2024-12-27 20:24:04,733 - INFO - [27/69] Starting: Achham
2024-12-27 20:24:06,549 - INFO - [28/69] Starting: Mahottari
2024-12-27 20:24:09,912 - INFO - [29/69] Starting: Sindhupalchok
2024-12-27 20:24:10,338 - INFO - [30/69] Starting: Syangja
2024-12-27 20:24:12,053 - INFO - [31/69] Starting: Pyuthan
2024-12-27 20:24:15,589 - INFO - [32/69] Starting: Mustang
2024-12-27 20:24:15,975 - INFO - [33/69] Starting: Arghakhanchi
2024-12-27 20:24:17,459 - INFO - [34/69] Starting: Sankhuwasabha
2024-12-27 20:24:18,557 - INFO - [35/69] Starting: Dolpa
2024-12-27 20:24:21,500 - INFO - [36/69] Starting: Lamjung
2024-12-27 20:24:21,545 - INFO - [37/69] Starting: Dhanusha
2024-12-27 20:24:22,907 - INFO - [38/69] Starting: Banke
2024-12-27 20:24:23,299 - INFO - [39/69] Starting: Dolakha
2024-12-27 20:24:27,080 - INFO - [40/69] Starting: Parbat
2024-12-27 20:24:27,090 - INFO - [41/69] Starting: Kaski
2024-12-27 20:24:28,958 - INFO - [42/69] Starting: Manang
2024-12-27 20:24:31,714 - INFO - [43/69] Starting: Bajura
2024-12-27 20:24:32,504 - INFO - [44/69] Starting: Baitadi
2024-12-27 20:24:32,854 - INFO - [45/69] Starting: Baglung
2024-12-27 20:24:37,192 - INFO - [46/69] Starting: Humla
2024-12-27 20:24:37,943 - INFO - [47/69] Starting: Khotang
2024-12-27 20:24:38,143 - INFO - [48/69] Starting: Makwanpur
2024-12-27 20:24:42,722 - INFO - [49/69] Starting: Myagdi
2024-12-27 20:24:43,324 - INFO - [50/69] Starting: Taplejung
2024-12-27 20:24:43,764 - INFO - [51/69] Starting: Ilam
2024-12-27 20:24:46,732 - INFO - [52/69] Starting: Bhaktapur
2024-12-27 20:24:48,308 - INFO - [53/69] Starting: Jajarkot
2024-12-27 20:24:48,662 - INFO - [54/69] Starting: Gorkha
2024-12-27 20:24:48,789 - INFO - [55/69] Starting: Dadeldhura
2024-12-27 20:24:52,217 - INFO - [56/69] Starting: Rukum
2024-12-27 20:24:54,223 - INFO - [57/69] Starting: Jumla
2024-12-27 20:24:54,448 - INFO - [58/69] Starting: Panchthar
2024-12-27 20:24:54,697 - INFO - [59/69] Starting: Rasuwa
2024-12-27 20:24:57,694 - INFO - [60/69] Starting: Sunsari
2024-12-27 20:24:59,954 - INFO - [61/69] Starting: Kathmandu
2024-12-27 20:25:00,205 - INFO - [62/69] Starting: Kalikot
2024-12-27 20:25:03,210 - INFO - [63/69] Starting: Gulmi
2024-12-27 20:25:05,573 - INFO - [64/69] Starting: Rupandehi
2024-12-27 20:25:05,645 - INFO - [65/69] Starting: Morang
2024-12-27 20:25:08,653 - INFO - [66/69] Starting: Tanahu
2024-12-27 20:25:11,164 - INFO - [67/69] Starting: Kailali
2024-12-27 20:25:11,187 - INFO - [68/69] Starting: Bhojpur
2024-12-27 20:25:14,174 - INFO - [69/69] Starting: Bardiya
